<?xml version="1.0" encoding="UTF-8"?>
<coverage generated="1788673531656" clover="3.2.0">
  <project timestamp="1788673531656" name="All files">
    <metrics statements="34" coveredstatements="34" conditionals="32" coveredconditionals="30" methods="10" coveredmethods="10" elements="76" coveredelements="74" complexity="0" loc="34" ncloc="34" packages="1" files="1" classes="1"/>
    <file name="utils.js" path="C:\Users\user\OneDrive\デスクトップ\顧客ファイル\mcp-customer-server\utils.js">
      <metrics statements="34" coveredstatements="34" conditionals="32" coveredconditionals="30" methods="10" coveredmethods="10"/>
      <line num="4" count="1" type="stmt"/>
      <line num="5" count="7" type="cond" truecount="4" falsecount="0"/>
      <line num="6" count="3" type="stmt"/>
      <line num="8" count="4" type="stmt"/>
      <line num="12" count="1" type="stmt"/>
      <line num="13" count="6" type="cond" truecount="2" falsecount="0"/>
      <line num="14" count="2" type="stmt"/>
      <line num="16" count="4" type="stmt"/>
      <line num="20" count="1" type="stmt"/>
      <line num="21" count="8" type="cond" truecount="2" falsecount="0"/>
      <line num="22" count="7" type="cond" truecount="2" falsecount="0"/>
      <line num="23" count="5" type="cond" truecount="2" falsecount="0"/>
      <line num="24" count="3" type="cond" truecount="2" falsecount="0"/>
      <line num="25" count="1" type="stmt"/>
      <line num="29" count="1" type="stmt"/>
      <line num="30" count="4" type="cond" truecount="2" falsecount="0"/>
      <line num="31" count="3" type="stmt"/>
      <line num="33" count="1" type="stmt"/>
      <line num="37" count="1" type="stmt"/>
      <line num="38" count="7" type="cond" truecount="4" falsecount="0"/>
      <line num="39" count="3" type="stmt"/>
      <line num="41" count="10" type="stmt"/>
      <line num="42" count="4" type="stmt"/>
      <line num="46" count="1" type="stmt"/>
      <line num="47" count="3" type="cond" truecount="4" falsecount="0"/>
      <line num="48" count="2" type="stmt"/>
      <line num="50" count="1" type="stmt"/>
      <line num="51" count="1" type="cond" truecount="1" falsecount="1"/>
      <line num="56" count="1" type="stmt"/>
      <line num="57" count="3" type="cond" truecount="4" falsecount="0"/>
      <line num="58" count="2" type="stmt"/>
      <line num="60" count="1" type="stmt"/>
      <line num="61" count="1" type="cond" truecount="1" falsecount="1"/>
      <line num="65" count="1" type="stmt"/>
    </file>
  </project>
</coverage>
