{"C:\\Users\\user\\OneDrive\\デスクトップ\\顧客ファイル\\mcp-customer-server\\utils.js": {"path":"C:\\Users\\user\\OneDrive\\デスクトップ\\顧客ファイル\\mcp-customer-server\\utils.js","statementMap":{"0":{"start":{"line":4,"column":23},"end":{"line":9,"column":1}},"1":{"start":{"line":5,"column":2},"end":{"line":7,"column":3}},"2":{"start":{"line":6,"column":4},"end":{"line":6,"column":38}},"3":{"start":{"line":8,"column":2},"end":{"line":8,"column":46}},"4":{"start":{"line":12,"column":33},"end":{"line":17,"column":1}},"5":{"start":{"line":13,"column":2},"end":{"line":15,"column":3}},"6":{"start":{"line":14,"column":4},"end":{"line":14,"column":59}},"7":{"start":{"line":16,"column":2},"end":{"line":16,"column":55}},"8":{"start":{"line":20,"column":27},"end":{"line":26,"column":1}},"9":{"start":{"line":21,"column":2},"end":{"line":21,"column":45}},"10":{"start":{"line":21,"column":26},"end":{"line":21,"column":45}},"11":{"start":{"line":22,"column":2},"end":{"line":22,"column":40}},"12":{"start":{"line":22,"column":25},"end":{"line":22,"column":40}},"13":{"start":{"line":23,"column":2},"end":{"line":23,"column":39}},"14":{"start":{"line":23,"column":25},"end":{"line":23,"column":39}},"15":{"start":{"line":24,"column":2},"end":{"line":24,"column":39}},"16":{"start":{"line":24,"column":25},"end":{"line":24,"column":39}},"17":{"start":{"line":25,"column":2},"end":{"line":25,"column":16}},"18":{"start":{"line":29,"column":19},"end":{"line":34,"column":1}},"19":{"start":{"line":30,"column":2},"end":{"line":32,"column":3}},"20":{"start":{"line":31,"column":4},"end":{"line":31,"column":36}},"21":{"start":{"line":33,"column":2},"end":{"line":33,"column":42}},"22":{"start":{"line":37,"column":25},"end":{"line":43,"column":1}},"23":{"start":{"line":38,"column":2},"end":{"line":40,"column":3}},"24":{"start":{"line":39,"column":4},"end":{"line":39,"column":37}},"25":{"start":{"line":41,"column":14},"end":{"line":41,"column":56}},"26":{"start":{"line":41,"column":43},"end":{"line":41,"column":52}},"27":{"start":{"line":42,"column":2},"end":{"line":42,"column":42}},"28":{"start":{"line":46,"column":20},"end":{"line":53,"column":1}},"29":{"start":{"line":47,"column":2},"end":{"line":49,"column":3}},"30":{"start":{"line":48,"column":4},"end":{"line":48,"column":16}},"31":{"start":{"line":50,"column":2},"end":{"line":52,"column":4}},"32":{"start":{"line":51,"column":4},"end":{"line":51,"column":55}},"33":{"start":{"line":56,"column":20},"end":{"line":63,"column":1}},"34":{"start":{"line":57,"column":2},"end":{"line":59,"column":3}},"35":{"start":{"line":58,"column":4},"end":{"line":58,"column":16}},"36":{"start":{"line":60,"column":2},"end":{"line":62,"column":4}},"37":{"start":{"line":61,"column":4},"end":{"line":61,"column":55}},"38":{"start":{"line":65,"column":0},"end":{"line":73,"column":2}}},"fnMap":{"0":{"name":"(anonymous_0)","decl":{"start":{"line":4,"column":23},"end":{"line":4,"column":24}},"loc":{"start":{"line":4,"column":35},"end":{"line":9,"column":1}},"line":4},"1":{"name":"(anonymous_1)","decl":{"start":{"line":12,"column":33},"end":{"line":12,"column":34}},"loc":{"start":{"line":12,"column":63},"end":{"line":17,"column":1}},"line":12},"2":{"name":"(anonymous_2)","decl":{"start":{"line":20,"column":27},"end":{"line":20,"column":28}},"loc":{"start":{"line":20,"column":44},"end":{"line":26,"column":1}},"line":20},"3":{"name":"(anonymous_3)","decl":{"start":{"line":29,"column":19},"end":{"line":29,"column":20}},"loc":{"start":{"line":29,"column":29},"end":{"line":34,"column":1}},"line":29},"4":{"name":"(anonymous_4)","decl":{"start":{"line":37,"column":25},"end":{"line":37,"column":26}},"loc":{"start":{"line":37,"column":38},"end":{"line":43,"column":1}},"line":37},"5":{"name":"(anonymous_5)","decl":{"start":{"line":41,"column":29},"end":{"line":41,"column":30}},"loc":{"start":{"line":41,"column":43},"end":{"line":41,"column":52}},"line":41},"6":{"name":"(anonymous_6)","decl":{"start":{"line":46,"column":20},"end":{"line":46,"column":21}},"loc":{"start":{"line":46,"column":35},"end":{"line":53,"column":1}},"line":46},"7":{"name":"(anonymous_7)","decl":{"start":{"line":50,"column":26},"end":{"line":50,"column":27}},"loc":{"start":{"line":51,"column":4},"end":{"line":51,"column":55}},"line":51},"8":{"name":"(anonymous_8)","decl":{"start":{"line":56,"column":20},"end":{"line":56,"column":21}},"loc":{"start":{"line":56,"column":35},"end":{"line":63,"column":1}},"line":56},"9":{"name":"(anonymous_9)","decl":{"start":{"line":60,"column":26},"end":{"line":60,"column":27}},"loc":{"start":{"line":61,"column":4},"end":{"line":61,"column":55}},"line":61}},"branchMap":{"0":{"loc":{"start":{"line":5,"column":2},"end":{"line":7,"column":3}},"type":"if","locations":[{"start":{"line":5,"column":2},"end":{"line":7,"column":3}},{"start":{},"end":{}}],"line":5},"1":{"loc":{"start":{"line":5,"column":6},"end":{"line":5,"column":46}},"type":"binary-expr","locations":[{"start":{"line":5,"column":6},"end":{"line":5,"column":32}},{"start":{"line":5,"column":36},"end":{"line":5,"column":46}}],"line":5},"2":{"loc":{"start":{"line":13,"column":2},"end":{"line":15,"column":3}},"type":"if","locations":[{"start":{"line":13,"column":2},"end":{"line":15,"column":3}},{"start":{},"end":{}}],"line":13},"3":{"loc":{"start":{"line":21,"column":2},"end":{"line":21,"column":45}},"type":"if","locations":[{"start":{"line":21,"column":2},"end":{"line":21,"column":45}},{"start":{},"end":{}}],"line":21},"4":{"loc":{"start":{"line":22,"column":2},"end":{"line":22,"column":40}},"type":"if","locations":[{"start":{"line":22,"column":2},"end":{"line":22,"column":40}},{"start":{},"end":{}}],"line":22},"5":{"loc":{"start":{"line":23,"column":2},"end":{"line":23,"column":39}},"type":"if","locations":[{"start":{"line":23,"column":2},"end":{"line":23,"column":39}},{"start":{},"end":{}}],"line":23},"6":{"loc":{"start":{"line":24,"column":2},"end":{"line":24,"column":39}},"type":"if","locations":[{"start":{"line":24,"column":2},"end":{"line":24,"column":39}},{"start":{},"end":{}}],"line":24},"7":{"loc":{"start":{"line":30,"column":2},"end":{"line":32,"column":3}},"type":"if","locations":[{"start":{"line":30,"column":2},"end":{"line":32,"column":3}},{"start":{},"end":{}}],"line":30},"8":{"loc":{"start":{"line":38,"column":2},"end":{"line":40,"column":3}},"type":"if","locations":[{"start":{"line":38,"column":2},"end":{"line":40,"column":3}},{"start":{},"end":{}}],"line":38},"9":{"loc":{"start":{"line":38,"column":6},"end":{"line":38,"column":53}},"type":"binary-expr","locations":[{"start":{"line":38,"column":6},"end":{"line":38,"column":29}},{"start":{"line":38,"column":33},"end":{"line":38,"column":53}}],"line":38},"10":{"loc":{"start":{"line":47,"column":2},"end":{"line":49,"column":3}},"type":"if","locations":[{"start":{"line":47,"column":2},"end":{"line":49,"column":3}},{"start":{},"end":{}}],"line":47},"11":{"loc":{"start":{"line":47,"column":6},"end":{"line":47,"column":57}},"type":"binary-expr","locations":[{"start":{"line":47,"column":6},"end":{"line":47,"column":31}},{"start":{"line":47,"column":35},"end":{"line":47,"column":57}}],"line":47},"12":{"loc":{"start":{"line":51,"column":4},"end":{"line":51,"column":55}},"type":"cond-expr","locations":[{"start":{"line":51,"column":44},"end":{"line":51,"column":49}},{"start":{"line":51,"column":52},"end":{"line":51,"column":55}}],"line":51},"13":{"loc":{"start":{"line":57,"column":2},"end":{"line":59,"column":3}},"type":"if","locations":[{"start":{"line":57,"column":2},"end":{"line":59,"column":3}},{"start":{},"end":{}}],"line":57},"14":{"loc":{"start":{"line":57,"column":6},"end":{"line":57,"column":57}},"type":"binary-expr","locations":[{"start":{"line":57,"column":6},"end":{"line":57,"column":31}},{"start":{"line":57,"column":35},"end":{"line":57,"column":57}}],"line":57},"15":{"loc":{"start":{"line":61,"column":4},"end":{"line":61,"column":55}},"type":"cond-expr","locations":[{"start":{"line":61,"column":44},"end":{"line":61,"column":49}},{"start":{"line":61,"column":52},"end":{"line":61,"column":55}}],"line":61}},"s":{"0":1,"1":7,"2":3,"3":4,"4":1,"5":6,"6":2,"7":4,"8":1,"9":8,"10":1,"11":7,"12":2,"13":5,"14":2,"15":3,"16":2,"17":1,"18":1,"19":4,"20":3,"21":1,"22":1,"23":7,"24":3,"25":4,"26":10,"27":4,"28":1,"29":3,"30":2,"31":1,"32":1,"33":1,"34":3,"35":2,"36":1,"37":1,"38":1},"f":{"0":7,"1":6,"2":8,"3":4,"4":7,"5":10,"6":3,"7":1,"8":3,"9":1},"b":{"0":[3,4],"1":[7,5],"2":[2,4],"3":[1,7],"4":[2,5],"5":[2,3],"6":[2,1],"7":[3,1],"8":[3,4],"9":[7,5],"10":[2,1],"11":[3,2],"12":[0,1],"13":[2,1],"14":[3,2],"15":[1,0]},"_coverageSchema":"1a1c01bbd47fc00a2c39e90264f33305004495a9","hash":"6100e419aa0d74532a09e877430493464f4d91f5"}
}
