TN:
SF:utils.js
FN:4,(anonymous_0)
FN:12,(anonymous_1)
FN:20,(anonymous_2)
FN:29,(anonymous_3)
FN:37,(anonymous_4)
FN:41,(anonymous_5)
FN:46,(anonymous_6)
FN:50,(anonymous_7)
FN:56,(anonymous_8)
FN:60,(anonymous_9)
FNF:10
FNH:10
FNDA:7,(anonymous_0)
FNDA:6,(anonymous_1)
FNDA:8,(anonymous_2)
FNDA:4,(anonymous_3)
FNDA:7,(anonymous_4)
FNDA:10,(anonymous_5)
FNDA:3,(anonymous_6)
FNDA:1,(anonymous_7)
FNDA:3,(anonymous_8)
FNDA:1,(anonymous_9)
DA:4,1
DA:5,7
DA:6,3
DA:8,4
DA:12,1
DA:13,6
DA:14,2
DA:16,4
DA:20,1
DA:21,8
DA:22,7
DA:23,5
DA:24,3
DA:25,1
DA:29,1
DA:30,4
DA:31,3
DA:33,1
DA:37,1
DA:38,7
DA:39,3
DA:41,10
DA:42,4
DA:46,1
DA:47,3
DA:48,2
DA:50,1
DA:51,1
DA:56,1
DA:57,3
DA:58,2
DA:60,1
DA:61,1
DA:65,1
LF:34
LH:34
BRDA:5,0,0,3
BRDA:5,0,1,4
BRDA:5,1,0,7
BRDA:5,1,1,5
BRDA:13,2,0,2
BRDA:13,2,1,4
BRDA:21,3,0,1
BRDA:21,3,1,7
BRDA:22,4,0,2
BRDA:22,4,1,5
BRDA:23,5,0,2
BRDA:23,5,1,3
BRDA:24,6,0,2
BRDA:24,6,1,1
BRDA:30,7,0,3
BRDA:30,7,1,1
BRDA:38,8,0,3
BRDA:38,8,1,4
BRDA:38,9,0,7
BRDA:38,9,1,5
BRDA:47,10,0,2
BRDA:47,10,1,1
BRDA:47,11,0,3
BRDA:47,11,1,2
BRDA:51,12,0,0
BRDA:51,12,1,1
BRDA:57,13,0,2
BRDA:57,13,1,1
BRDA:57,14,0,3
BRDA:57,14,1,2
BRDA:61,15,0,1
BRDA:61,15,1,0
BRF:32
BRH:30
end_of_record
